<?xml version="1.0" encoding="UTF-8"?>
<!-- Generated by org.testng.reporters.JUnitXMLReporter -->
<testsuite ignored="0" hostname="DESKTOP-TFS1HKJ" failures="0" tests="4" name="Default test" time="0.038" errors="0" timestamp="2021-02-28T23:45:57 CST">
  <testcase classname="testBase.BrowserMethods" name="@BeforeSuite beforeSuite" time="-1.614577557147E9">
    <failure type="org.testng.TestNGException" message="
Parameter &amp;apos;browser&amp;apos; is required by BeforeSuite on method beforeSuite but has not been marked @Optional or defined
in C:\Users\islam\AppData\Local\Temp\testng-eclipse-451062647\testng-customsuite.xml">
      <![CDATA[org.testng.TestNGException: 
Parameter 'browser' is required by BeforeSuite on method beforeSuite but has not been marked @Optional or defined
in C:\Users\islam\AppData\Local\Temp\testng-eclipse-451062647\testng-customsuite.xml
at org.testng.internal.Parameters.createParams(Parameters.java:268)
at org.testng.internal.Parameters.createParametersForMethod(Parameters.java:356)
at org.testng.internal.Parameters.createParameters(Parameters.java:700)
at org.testng.internal.Parameters.createConfigurationParameters(Parameters.java:166)
at org.testng.internal.ConfigInvoker.invokeConfigurations(ConfigInvoker.java:301)
at org.testng.SuiteRunner.privateRun(SuiteRunner.java:327)
at org.testng.SuiteRunner.run(SuiteRunner.java:286)
at org.testng.SuiteRunnerWorker.runSuite(SuiteRunnerWorker.java:53)
at org.testng.SuiteRunnerWorker.run(SuiteRunnerWorker.java:96)
at org.testng.TestNG.runSuitesSequentially(TestNG.java:1218)
at org.testng.TestNG.runSuitesLocally(TestNG.java:1140)
at org.testng.TestNG.runSuites(TestNG.java:1069)
at org.testng.TestNG.run(TestNG.java:1037)
at org.testng.remote.AbstractRemoteTestNG.run(AbstractRemoteTestNG.java:115)
at org.testng.remote.RemoteTestNG.initAndRun(RemoteTestNG.java:251)
at org.testng.remote.RemoteTestNG.main(RemoteTestNG.java:77)
]]>
    </failure>
  </testcase> <!-- @BeforeSuite beforeSuite -->
  <testcase classname="testBase.BrowserMethods" name="@BeforeMethod beforeMethods" time="-1.614577557175E9">
    <skipped/>
  </testcase> <!-- @BeforeMethod beforeMethods -->
  <testcase classname="testBase.BrowserMethods" name="@AfterMethod afterMethod" time="-1.614577557181E9">
    <skipped/>
  </testcase> <!-- @AfterMethod afterMethod -->
  <testcase classname="testBase.BrowserMethods" name="@BeforeMethod beforeMethods" time="-1.614577557184E9">
    <skipped/>
  </testcase> <!-- @BeforeMethod beforeMethods -->
  <testcase classname="testBase.BrowserMethods" name="@AfterMethod afterMethod" time="-1.614577557186E9">
    <skipped/>
  </testcase> <!-- @AfterMethod afterMethod -->
  <testcase classname="testBase.BrowserMethods" name="@BeforeMethod beforeMethods" time="-1.614577557187E9">
    <skipped/>
  </testcase> <!-- @BeforeMethod beforeMethods -->
  <testcase classname="testBase.BrowserMethods" name="@AfterMethod afterMethod" time="-1.61457755719E9">
    <skipped/>
  </testcase> <!-- @AfterMethod afterMethod -->
  <testcase classname="testBase.BrowserMethods" name="@BeforeMethod beforeMethods" time="-1.614577557191E9">
    <skipped/>
  </testcase> <!-- @BeforeMethod beforeMethods -->
  <testcase classname="testBase.BrowserMethods" name="@AfterMethod afterMethod" time="-1.614577557194E9">
    <skipped/>
  </testcase> <!-- @AfterMethod afterMethod -->
  <testcase classname="testCases.Test_Search_WithOut_Terms" name="testGooleSearch" time="0.0">
    <skipped/>
  </testcase> <!-- testGooleSearch -->
  <testcase classname="testCases.Test_Search_WithOut_Terms" name="verify_Title" time="0.0">
    <skipped/>
  </testcase> <!-- verify_Title -->
  <testcase classname="testCases.Test_Search_WithOut_Terms" name="about_Search_Results_Is_Appeard" time="0.0">
    <skipped/>
  </testcase> <!-- about_Search_Results_Is_Appeard -->
  <testcase classname="testCases.Test_Search_WithOut_Terms" name="verify_time_taken_less_than_second" time="0.0">
    <skipped/>
  </testcase> <!-- verify_time_taken_less_than_second -->
</testsuite> <!-- Default test -->
